{
  "gameId": "a0c801f3-3979-4dfd-a021-c3c06f8539ec",
  "gaming": true,
  "ending": false,
  "width": 10,
  "height": 10,
  "points": [
    12,
    3,
    5,
    3,
    1,
    1,
    3,
    5,
    3,
    12,
    3,
    5,
    7,
    5,
    3,
    3,
    5,
    7,
    5,
    3,
    5,
    7,
    10,
    7,
    5,
    5,
    7,
    10,
    7,
    5,
    3,
    5,
    7,
    5,
    3,
    3,
    5,
    7,
    5,
    3,
    1,
    3,
    5,
    3,
    12,
    12,
    3,
    5,
    3,
    1,
    1,
    3,
    5,
    3,
    12,
    12,
    3,
    5,
    3,
    1,
    3,
    5,
    7,
    5,
    3,
    3,
    5,
    7,
    5,
    3,
    5,
    7,
    10,
    7,
    5,
    5,
    7,
    10,
    7,
    5,
    3,
    5,
    7,
    5,
    3,
    3,
    5,
    7,
    5,
    3,
    12,
    3,
    5,
    3,
    1,
    1,
    3,
    5,
    3,
    12
  ],
  "startedAtUnixTime": 1596802429,
  "nextTurnUnixTime": 1596802607,
  "turn": 30,
  "totalTurn": 30,
  "tiled": [
    [
      1,
      0
    ],
    [
      1,
      0
    ],
    [
      1,
      0
    ],
    [
      1,
      0
    ],
    [
      1,
      1
    ],
    [
      0,
      -1
    ],
    [
      0,
      -1
    ],
    [
      1,
      1
    ],
    [
      0,
      -1
    ],
    [
      0,
      -1
    ],
    [
      1,
      0
    ],
    [
      1,
      0
    ],
    [
      1,
      0
    ],
    [
      1,
      0
    ],
    [
      0,
      -1
    ],
    [
      0,
      -1
    ],
    [
      1,
      0
    ],
    [
      1,
      0
    ],
    [
      0,
      -1
    ],
    [
      0,
      -1
    ],
    [
      1,
      1
    ],
    [
      1,
      1
    ],
    [
      1,
      1
    ],
    [
      1,
      0
    ],
    [
      1,
      0
    ],
    [
      1,
      0
    ],
    [
      1,
      0
    ],
    [
      1,
      1
    ],
    [
      1,
      1
    ],
    [
      1,
      0
    ],
    [
      1,
      1
    ],
    [
      1,
      0
    ],
    [
      1,
      0
    ],
    [
      1,
      0
    ],
    [
      1,
      0
    ],
    [
      1,
      0
    ],
    [
      1,
      0
    ],
    [
      1,
      1
    ],
    [
      1,
      1
    ],
    [
      1,
      0
    ],
    [
      1,
      1
    ],
    [
      1,
      1
    ],
    [
      1,
      0
    ],
    [
      1,
      0
    ],
    [
      1,
      0
    ],
    [
      1,
      0
    ],
    [
      1,
      1
    ],
    [
      1,
      1
    ],
    [
      1,
      1
    ],
    [
      1,
      0
    ],
    [
      1,
      1
    ],
    [
      1,
      1
    ],
    [
      1,
      1
    ],
    [
      1,
      0
    ],
    [
      1,
      0
    ],
    [
      1,
      0
    ],
    [
      1,
      0
    ],
    [
      1,
      1
    ],
    [
      1,
      1
    ],
    [
      1,
      1
    ],
    [
      1,
      1
    ],
    [
      1,
      1
    ],
    [
      1,
      1
    ],
    [
      1,
      1
    ],
    [
      1,
      1
    ],
    [
      1,
      0
    ],
    [
      1,
      1
    ],
    [
      1,
      0
    ],
    [
      1,
      1
    ],
    [
      1,
      1
    ],
    [
      0,
      -1
    ],
    [
      1,
      1
    ],
    [
      1,
      1
    ],
    [
      1,
      1
    ],
    [
      1,
      1
    ],
    [
      1,
      1
    ],
    [
      1,
      0
    ],
    [
      1,
      1
    ],
    [
      1,
      1
    ],
    [
      1,
      0
    ],
    [
      1,
      1
    ],
    [
      1,
      1
    ],
    [
      1,
      1
    ],
    [
      1,
      1
    ],
    [
      1,
      1
    ],
    [
      1,
      1
    ],
    [
      1,
      1
    ],
    [
      1,
      1
    ],
    [
      1,
      1
    ],
    [
      1,
      1
    ],
    [
      1,
      1
    ],
    [
      1,
      1
    ],
    [
      1,
      1
    ],
    [
      1,
      1
    ],
    [
      1,
      1
    ],
    [
      0,
      -1
    ],
    [
      1,
      1
    ],
    [
      1,
      1
    ],
    [
      1,
      1
    ],
    [
      1,
      1
    ]
  ],
  "players": [
    {
      "id": "2907bafd-3f13-4e24-8675-a30ab19118e5",
      "agents": [
        {
          "agentID": null,
          "x": 3,
          "y": 7
        },
        {
          "agentID": null,
          "x": 0,
          "y": 9
        },
        {
          "agentID": null,
          "x": 9,
          "y": 2
        },
        {
          "agentID": null,
          "x": 9,
          "y": 5
        },
        {
          "agentID": null,
          "x": 3,
          "y": 5
        },
        {
          "agentID": null,
          "x": 5,
          "y": 7
        },
        {
          "agentID": null,
          "x": 2,
          "y": 1
        },
        {
          "agentID": null,
          "x": 8,
          "y": 3
        }
      ],
      "point": {
        "basepoint": 0,
        "wallpoint": 200
      },
      "tilePoint": null,
      "areaPoint": null
    },
    {
      "id": "2907bafd-3f13-4e24-8675-a30ab19118e5",
      "agents": [
        {
          "agentID": null,
          "x": 3,
          "y": 8
        },
        {
          "agentID": null,
          "x": 2,
          "y": 9
        },
        {
          "agentID": null,
          "x": 7,
          "y": 4
        },
        {
          "agentID": null,
          "x": 5,
          "y": 2
        },
        {
          "agentID": null,
          "x": 8,
          "y": 4
        },
        {
          "agentID": null,
          "x": 3,
          "y": 0
        },
        {
          "agentID": null,
          "x": 1,
          "y": 8
        },
        {
          "agentID": null,
          "x": 1,
          "y": 3
        }
      ],
      "point": {
        "basepoint": 0,
        "wallpoint": 273
      },
      "tilePoint": null,
      "areaPoint": null
    }
  ],
  "actions": []
}